This is pdfTeX, Version 3.141592653-2.6-1.40.27 (TeX Live 2025) (preloaded format=pdflatex 2025.11.26)  24 DEC 2025 22:01
entering extended mode
 restricted \write18 enabled.
 %&-line parsing enabled.
**CVClassSample.tex
(./CVClassSample.tex
LaTeX2e <2024-11-01> patch level 2
L3 programming layer <2025-01-18>
(d:/Program Files/texlive/2025/texmf-dist/tex/latex/base/article.cls
Document Class: article 2024/06/29 v1.4n Standard LaTeX document class
(d:/Program Files/texlive/2025/texmf-dist/tex/latex/base/size11.clo
File: size11.clo 2024/06/29 v1.4n Standard LaTeX file (size option)
)
\c@part=\count196
\c@section=\count197
\c@subsection=\count198
\c@subsubsection=\count199
\c@paragraph=\count266
\c@subparagraph=\count267
\c@figure=\count268
\c@table=\count269
\abovecaptionskip=\skip49
\belowcaptionskip=\skip50
\bibindent=\dimen141
)
(./CVClassTemplate.sty
Package: CVClassTemplate 

(d:/Program Files/texlive/2025/texmf-dist/tex/latex/ctex/ctex.sty
(d:/Program Files/texlive/2025/texmf-dist/tex/latex/l3kernel/expl3.sty
Package: expl3 2025-01-18 L3 programming layer (loader) 

(d:/Program Files/texlive/2025/texmf-dist/tex/latex/l3backend/l3backend-pdftex.
def
File: l3backend-pdftex.def 2024-05-08 L3 backend support: PDF output (pdfTeX)
\l__color_backend_stack_int=\count270
\l__pdf_internal_box=\box52
))
Package: ctex 2022/07/14 v2.5.10 Chinese adapter in LaTeX (CTEX)
 (d:/Program Files/texlive/2025/texmf-dist/tex/latex/ctex/ctexhook.sty
Package: ctexhook 2022/07/14 v2.5.10 Document and package hooks (CTEX)
)
(d:/Program Files/texlive/2025/texmf-dist/tex/latex/ctex/ctexpatch.sty
Package: ctexpatch 2022/07/14 v2.5.10 Patching commands (CTEX)
)
(d:/Program Files/texlive/2025/texmf-dist/tex/latex/base/fix-cm.sty
Package: fix-cm 2020/11/24 v1.1t fixes to LaTeX

(d:/Program Files/texlive/2025/texmf-dist/tex/latex/base/ts1enc.def
File: ts1enc.def 2001/06/05 v3.0e (jk/car/fm) Standard LaTeX file
LaTeX Font Info:    Redeclaring font encoding TS1 on input line 47.
))
\l__ctex_tmp_int=\count271
\l__ctex_tmp_box=\box53
\l__ctex_tmp_dim=\dimen142
\g__ctex_section_depth_int=\count272
\g__ctex_font_size_int=\count273

(d:/Program Files/texlive/2025/texmf-dist/tex/latex/ctex/config/ctexopts.cfg
File: ctexopts.cfg 2022/07/14 v2.5.10 Option configuration file (CTEX)
)
(d:/Program Files/texlive/2025/texmf-dist/tex/latex/ctex/engine/ctex-engine-pdf
tex.def
File: ctex-engine-pdftex.def 2022/07/14 v2.5.10 (pdf)LaTeX adapter (CTEX)

(d:/Program Files/texlive/2025/texmf-dist/tex/latex/cjk/texinput/CJKutf8.sty
Package: CJKutf8 2021/10/16 4.8.5

(d:/Program Files/texlive/2025/texmf-dist/tex/generic/iftex/ifpdf.sty
Package: ifpdf 2019/10/25 v3.4 ifpdf legacy package. Use iftex instead.

(d:/Program Files/texlive/2025/texmf-dist/tex/generic/iftex/iftex.sty
Package: iftex 2024/12/12 v1.0g TeX engine tests
))
(d:/Program Files/texlive/2025/texmf-dist/tex/latex/base/inputenc.sty
Package: inputenc 2024/02/08 v1.3d Input encoding file
\inpenc@prehook=\toks17
\inpenc@posthook=\toks18
)
(d:/Program Files/texlive/2025/texmf-dist/tex/latex/cjk/texinput/CJK.sty
Package: CJK 2021/10/16 4.8.5

(d:/Program Files/texlive/2025/texmf-dist/tex/latex/cjk/texinput/mule/MULEenc.s
ty
Package: MULEenc 2021/10/16 4.8.5
) (d:/Program Files/texlive/2025/texmf-dist/tex/latex/cjk/texinput/CJK.enc
File: CJK.enc 2021/10/16 4.8.5
Now handling font encoding C00 ...
... no UTF-8 mapping file for font encoding C00
Now handling font encoding C05 ...
... no UTF-8 mapping file for font encoding C05
Now handling font encoding C09 ...
... no UTF-8 mapping file for font encoding C09
Now handling font encoding C10 ...
... no UTF-8 mapping file for font encoding C10
Now handling font encoding C20 ...
... no UTF-8 mapping file for font encoding C20
Now handling font encoding C19 ...
... no UTF-8 mapping file for font encoding C19
Now handling font encoding C40 ...
... no UTF-8 mapping file for font encoding C40
Now handling font encoding C42 ...
... no UTF-8 mapping file for font encoding C42
Now handling font encoding C43 ...
... no UTF-8 mapping file for font encoding C43
Now handling font encoding C50 ...
... no UTF-8 mapping file for font encoding C50
Now handling font encoding C52 ...
... no UTF-8 mapping file for font encoding C52
Now handling font encoding C49 ...
... no UTF-8 mapping file for font encoding C49
Now handling font encoding C60 ...
... no UTF-8 mapping file for font encoding C60
Now handling font encoding C61 ...
... no UTF-8 mapping file for font encoding C61
Now handling font encoding C63 ...
... no UTF-8 mapping file for font encoding C63
Now handling font encoding C64 ...
... no UTF-8 mapping file for font encoding C64
Now handling font encoding C65 ...
... no UTF-8 mapping file for font encoding C65
Now handling font encoding C70 ...
... no UTF-8 mapping file for font encoding C70
Now handling font encoding C31 ...
... no UTF-8 mapping file for font encoding C31
Now handling font encoding C32 ...
... no UTF-8 mapping file for font encoding C32
Now handling font encoding C33 ...
... no UTF-8 mapping file for font encoding C33
Now handling font encoding C34 ...
... no UTF-8 mapping file for font encoding C34
Now handling font encoding C35 ...
... no UTF-8 mapping file for font encoding C35
Now handling font encoding C36 ...
... no UTF-8 mapping file for font encoding C36
Now handling font encoding C37 ...
... no UTF-8 mapping file for font encoding C37
Now handling font encoding C80 ...
... no UTF-8 mapping file for font encoding C80
Now handling font encoding C81 ...
... no UTF-8 mapping file for font encoding C81
Now handling font encoding C01 ...
... no UTF-8 mapping file for font encoding C01
Now handling font encoding C11 ...
... no UTF-8 mapping file for font encoding C11
Now handling font encoding C21 ...
... no UTF-8 mapping file for font encoding C21
Now handling font encoding C41 ...
... no UTF-8 mapping file for font encoding C41
Now handling font encoding C62 ...
... no UTF-8 mapping file for font encoding C62
)
\CJK@indent=\box54
)
(d:/Program Files/texlive/2025/texmf-dist/tex/latex/base/fontenc.sty
Package: fontenc 2021/04/29 v2.0v Standard LaTeX package
))
(d:/Program Files/texlive/2025/texmf-dist/tex/latex/cjkpunct/CJKpunct.sty
Package: CJKpunct 2016/05/14 4.8.4
\CJKpunct@cnta=\count274
\CJKpunct@cntb=\count275
\CJKpunct@cntc=\count276
\CJKpunct@cntd=\count277
\CJKpunct@cnte=\count278
   defining Unicode char U+2018 (decimal 8216)
   defining Unicode char U+2019 (decimal 8217)
   defining Unicode char U+201C (decimal 8220)
   defining Unicode char U+201D (decimal 8221)
   defining Unicode char U+2014 (decimal 8212)
   defining Unicode char U+2026 (decimal 8230)

(d:/Program Files/texlive/2025/texmf-dist/tex/latex/cjkpunct/CJKpunct.spa))
(d:/Program Files/texlive/2025/texmf-dist/tex/latex/cjk/texinput/CJKspace.sty
Package: CJKspace 2021/10/16 3.8.0
)
(d:/Program Files/texlive/2025/texmf-dist/tex/latex/cjk/texinput/UTF8/UTF8.bdg
File: UTF8.bdg 2021/10/16 4.8.5
) (d:/Program Files/texlive/2025/texmf-dist/tex/latex/ctex/ctexspa.def
File: ctexspa.def 2022/07/14 v2.5.10 Space info for CJKpunct (CTEX)
)
\ccwd=\dimen143
\l__ctex_ccglue_skip=\skip51
)
\l__ctex_ziju_dim=\dimen144

(d:/Program Files/texlive/2025/texmf-dist/tex/latex/zhnumber/zhnumber.sty
Package: zhnumber 2022/07/14 v3.0 Typesetting numbers with Chinese glyphs
\l__zhnum_scale_int=\count279
\l__zhnum_tmp_int=\count280

(d:/Program Files/texlive/2025/texmf-dist/tex/latex/zhnumber/zhnumber-utf8.cfg
File: zhnumber-utf8.cfg 2022/07/14 v3.0 Chinese numerals with UTF8 encoding
))
(d:/Program Files/texlive/2025/texmf-dist/tex/latex/ctex/scheme/ctex-scheme-chi
nese.def
File: ctex-scheme-chinese.def 2022/07/14 v2.5.10 Chinese scheme for generic (CT
EX)

(d:/Program Files/texlive/2025/texmf-dist/tex/latex/ctex/config/ctex-name-utf8.
cfg
File: ctex-name-utf8.cfg 2022/07/14 v2.5.10 Caption with encoding UTF-8 (CTEX)
)) (d:/Program Files/texlive/2025/texmf-dist/tex/latex/tools/indentfirst.sty
Package: indentfirst 2023/07/02 v1.03 Indent first paragraph (DPC)
)
(d:/Program Files/texlive/2025/texmf-dist/tex/latex/ctex/fontset/ctex-fontset-w
indows.def
File: ctex-fontset-windows.def 2022/07/14 v2.5.10 Windows fonts definition (CTE
X)
))
(d:/Program Files/texlive/2025/texmf-dist/tex/latex/ctex/config/ctex.cfg
File: ctex.cfg 2022/07/14 v2.5.10 Configuration file (CTEX)
)
(d:/Program Files/texlive/2025/texmf-dist/tex/latex/amsmath/amsmath.sty
Package: amsmath 2024/11/05 v2.17t AMS math features
\@mathmargin=\skip52

For additional information on amsmath, use the `?' option.
(d:/Program Files/texlive/2025/texmf-dist/tex/latex/amsmath/amstext.sty
Package: amstext 2021/08/26 v2.01 AMS text

(d:/Program Files/texlive/2025/texmf-dist/tex/latex/amsmath/amsgen.sty
File: amsgen.sty 1999/11/30 v2.0 generic functions
\@emptytoks=\toks19
\ex@=\dimen145
))
(d:/Program Files/texlive/2025/texmf-dist/tex/latex/amsmath/amsbsy.sty
Package: amsbsy 1999/11/29 v1.2d Bold Symbols
\pmbraise@=\dimen146
)
(d:/Program Files/texlive/2025/texmf-dist/tex/latex/amsmath/amsopn.sty
Package: amsopn 2022/04/08 v2.04 operator names
)
\inf@bad=\count281
LaTeX Info: Redefining \frac on input line 233.
\uproot@=\count282
\leftroot@=\count283
LaTeX Info: Redefining \overline on input line 398.
LaTeX Info: Redefining \colon on input line 409.
\classnum@=\count284
\DOTSCASE@=\count285
LaTeX Info: Redefining \ldots on input line 495.
LaTeX Info: Redefining \dots on input line 498.
LaTeX Info: Redefining \cdots on input line 619.
\Mathstrutbox@=\box55
\strutbox@=\box56
LaTeX Info: Redefining \big on input line 721.
LaTeX Info: Redefining \Big on input line 722.
LaTeX Info: Redefining \bigg on input line 723.
LaTeX Info: Redefining \Bigg on input line 724.
\big@size=\dimen147
LaTeX Font Info:    Redeclaring font encoding OML on input line 742.
LaTeX Font Info:    Redeclaring font encoding OMS on input line 743.
\macc@depth=\count286
LaTeX Info: Redefining \bmod on input line 904.
LaTeX Info: Redefining \pmod on input line 909.
LaTeX Info: Redefining \smash on input line 939.
LaTeX Info: Redefining \relbar on input line 969.
LaTeX Info: Redefining \Relbar on input line 970.
\c@MaxMatrixCols=\count287
\dotsspace@=\muskip17
\c@parentequation=\count288
\dspbrk@lvl=\count289
\tag@help=\toks20
\row@=\count290
\column@=\count291
\maxfields@=\count292
\andhelp@=\toks21
\eqnshift@=\dimen148
\alignsep@=\dimen149
\tagshift@=\dimen150
\tagwidth@=\dimen151
\totwidth@=\dimen152
\lineht@=\dimen153
\@envbody=\toks22
\multlinegap=\skip53
\multlinetaggap=\skip54
\mathdisplay@stack=\toks23
LaTeX Info: Redefining \[ on input line 2953.
LaTeX Info: Redefining \] on input line 2954.
)
(d:/Program Files/texlive/2025/texmf-dist/tex/latex/amsfonts/amssymb.sty
Package: amssymb 2013/01/14 v3.01 AMS font symbols

(d:/Program Files/texlive/2025/texmf-dist/tex/latex/amsfonts/amsfonts.sty
Package: amsfonts 2013/01/14 v3.01 Basic AMSFonts support
\symAMSa=\mathgroup4
\symAMSb=\mathgroup5
LaTeX Font Info:    Redeclaring math symbol \hbar on input line 98.
LaTeX Font Info:    Overwriting math alphabet `\mathfrak' in version `bold'
(Font)                  U/euf/m/n --> U/euf/b/n on input line 106.
))
(d:/Program Files/texlive/2025/texmf-dist/tex/latex/amscls/amsthm.sty
Package: amsthm 2020/05/29 v2.20.6
\thm@style=\toks24
\thm@bodyfont=\toks25
\thm@headfont=\toks26
\thm@notefont=\toks27
\thm@headpunct=\toks28
\thm@preskip=\skip55
\thm@postskip=\skip56
\thm@headsep=\skip57
\dth@everypar=\toks29
)
(d:/Program Files/texlive/2025/texmf-dist/tex/latex/fancyhdr/fancyhdr.sty
Package: fancyhdr 2025/02/07 v5.2 Extensive control of page headers and footers

\f@nch@headwidth=\skip58
\f@nch@offset@elh=\skip59
\f@nch@offset@erh=\skip60
\f@nch@offset@olh=\skip61
\f@nch@offset@orh=\skip62
\f@nch@offset@elf=\skip63
\f@nch@offset@erf=\skip64
\f@nch@offset@olf=\skip65
\f@nch@offset@orf=\skip66
\f@nch@height=\skip67
\f@nch@footalignment=\skip68
\f@nch@widthL=\skip69
\f@nch@widthC=\skip70
\f@nch@widthR=\skip71
\@temptokenb=\toks30
)
(d:/Program Files/texlive/2025/texmf-dist/tex/latex/url/url.sty
\Urlmuskip=\muskip18
Package: url 2013/09/16  ver 3.4  Verb mode for urls, etc.
)
(d:/Program Files/texlive/2025/texmf-dist/tex/latex/base/ifthen.sty
Package: ifthen 2024/03/16 v1.1e Standard LaTeX ifthen package (DPC)
)
(d:/Program Files/texlive/2025/texmf-dist/tex/latex/psnfss/times.sty
Package: times 2020/03/25 PSNFSS-v9.3 (SPQR) 
)
(d:/Program Files/texlive/2025/texmf-dist/tex/latex/graphics/graphicx.sty
Package: graphicx 2021/09/16 v1.2d Enhanced LaTeX Graphics (DPC,SPQR)

(d:/Program Files/texlive/2025/texmf-dist/tex/latex/graphics/keyval.sty
Package: keyval 2022/05/29 v1.15 key=value parser (DPC)
\KV@toks@=\toks31
)
(d:/Program Files/texlive/2025/texmf-dist/tex/latex/graphics/graphics.sty
Package: graphics 2024/08/06 v1.4g Standard LaTeX Graphics (DPC,SPQR)

(d:/Program Files/texlive/2025/texmf-dist/tex/latex/graphics/trig.sty
Package: trig 2023/12/02 v1.11 sin cos tan (DPC)
)
(d:/Program Files/texlive/2025/texmf-dist/tex/latex/graphics-cfg/graphics.cfg
File: graphics.cfg 2016/06/04 v1.11 sample graphics configuration
)
Package graphics Info: Driver file: pdftex.def on input line 106.

(d:/Program Files/texlive/2025/texmf-dist/tex/latex/graphics-def/pdftex.def
File: pdftex.def 2024/04/13 v1.2c Graphics/color driver for pdftex
))
\Gin@req@height=\dimen154
\Gin@req@width=\dimen155
)
(d:/Program Files/texlive/2025/texmf-dist/tex/latex/geometry/geometry.sty
Package: geometry 2020/01/02 v5.9 Page Geometry

(d:/Program Files/texlive/2025/texmf-dist/tex/generic/iftex/ifvtex.sty
Package: ifvtex 2019/10/25 v1.7 ifvtex legacy package. Use iftex instead.
)
\Gm@cnth=\count293
\Gm@cntv=\count294
\c@Gm@tempcnt=\count295
\Gm@bindingoffset=\dimen156
\Gm@wd@mp=\dimen157
\Gm@odd@mp=\dimen158
\Gm@even@mp=\dimen159
\Gm@layoutwidth=\dimen160
\Gm@layoutheight=\dimen161
\Gm@layouthoffset=\dimen162
\Gm@layoutvoffset=\dimen163
\Gm@dimlist=\toks32
)
(d:/Program Files/texlive/2025/texmf-dist/tex/latex/sectsty/sectsty.sty
Package: sectsty 2002/02/25 v2.0.2 Commands to change all sectional heading sty
les


LaTeX Warning: Command \underbar  has changed.
               Check if current package is valid.


LaTeX Warning: Command \underline  has changed.
               Check if current package is valid.

)
\c@definition=\count296
\c@proposition=\count297
\c@property=\count298
\c@theorem=\count299
\c@lemma=\count300
\c@corollary=\count301
\c@axiom=\count302
\c@exercise=\count303
\c@question=\count304
\c@example=\count305
\c@notation=\count306
\c@remark=\count307
 (d:/Program Files/texlive/2025/texmf-dist/tex/latex/enumitem/enumitem.sty
Package: enumitem 2025/02/06 v3.11 Customized lists
\labelindent=\skip72
\enit@outerparindent=\dimen164
\enit@toks=\toks33
\enit@inbox=\box57
\enit@count@id=\count308
\enitdp@description=\count309
)
(d:/Program Files/texlive/2025/texmf-dist/tex/latex/biblatex/biblatex.sty
Package: biblatex 2024/03/21 v3.20 programmable bibliographies (PK/MW)

(d:/Program Files/texlive/2025/texmf-dist/tex/generic/pdftexcmds/pdftexcmds.sty
Package: pdftexcmds 2020-06-27 v0.33 Utility functions of pdfTeX for LuaTeX (HO
)
(d:/Program Files/texlive/2025/texmf-dist/tex/generic/infwarerr/infwarerr.sty
Package: infwarerr 2019/12/03 v1.5 Providing info/warning/error messages (HO)
)
(d:/Program Files/texlive/2025/texmf-dist/tex/generic/ltxcmds/ltxcmds.sty
Package: ltxcmds 2023-12-04 v1.26 LaTeX kernel commands for general use (HO)
)
Package pdftexcmds Info: \pdf@primitive is available.
Package pdftexcmds Info: \pdf@ifprimitive is available.
Package pdftexcmds Info: \pdfdraftmode found.
)
(d:/Program Files/texlive/2025/texmf-dist/tex/latex/etoolbox/etoolbox.sty
Package: etoolbox 2025/02/11 v2.5l e-TeX tools for LaTeX (JAW)
\etb@tempcnta=\count310
)
(d:/Program Files/texlive/2025/texmf-dist/tex/latex/kvoptions/kvoptions.sty
Package: kvoptions 2022-06-15 v3.15 Key value format for package options (HO)

(d:/Program Files/texlive/2025/texmf-dist/tex/latex/kvsetkeys/kvsetkeys.sty
Package: kvsetkeys 2022-10-05 v1.19 Key value parser (HO)
))
(d:/Program Files/texlive/2025/texmf-dist/tex/latex/logreq/logreq.sty
Package: logreq 2010/08/04 v1.0 xml request logger
\lrq@indent=\count311

(d:/Program Files/texlive/2025/texmf-dist/tex/latex/logreq/logreq.def
File: logreq.def 2010/08/04 v1.0 logreq spec v1.0
))
\c@tabx@nest=\count312
\c@listtotal=\count313
\c@listcount=\count314
\c@liststart=\count315
\c@liststop=\count316
\c@citecount=\count317
\c@citetotal=\count318
\c@multicitecount=\count319
\c@multicitetotal=\count320
\c@instcount=\count321
\c@maxnames=\count322
\c@minnames=\count323
\c@maxitems=\count324
\c@minitems=\count325
\c@citecounter=\count326
\c@maxcitecounter=\count327
\c@savedcitecounter=\count328
\c@uniquelist=\count329
\c@uniquename=\count330
\c@refsection=\count331
\c@refsegment=\count332
\c@maxextratitle=\count333
\c@maxextratitleyear=\count334
\c@maxextraname=\count335
\c@maxextradate=\count336
\c@maxextraalpha=\count337
\c@abbrvpenalty=\count338
\c@highnamepenalty=\count339
\c@lownamepenalty=\count340
\c@maxparens=\count341
\c@parenlevel=\count342
\blx@tempcnta=\count343
\blx@tempcntb=\count344
\blx@tempcntc=\count345
\c@blx@maxsection=\count346
\blx@maxsegment@0=\count347
\blx@notetype=\count348
\blx@parenlevel@text=\count349
\blx@parenlevel@foot=\count350
\blx@sectionciteorder@0=\count351
\blx@sectionciteorderinternal@0=\count352
\blx@entrysetcounter=\count353
\blx@biblioinstance=\count354
\labelnumberwidth=\skip73
\labelalphawidth=\skip74
\biblabelsep=\skip75
\bibitemsep=\skip76
\bibnamesep=\skip77
\bibinitsep=\skip78
\bibparsep=\skip79
\bibhang=\skip80
\blx@bcfin=\read2
\blx@bcfout=\write3
\blx@langwohyphens=\language90
\c@mincomprange=\count355
\c@maxcomprange=\count356
\c@mincompwidth=\count357
Package biblatex Info: Trying to load biblatex default data model...
Package biblatex Info: ... file 'blx-dm.def' found.

(d:/Program Files/texlive/2025/texmf-dist/tex/latex/biblatex/blx-dm.def
File: blx-dm.def 2024/03/21 v3.20 biblatex datamodel (PK/MW)
)
Package biblatex Info: Trying to load biblatex style data model...
Package biblatex Info: ... file 'caspervector.dbx' not found.
Package biblatex Info: Trying to load biblatex custom data model...
Package biblatex Info: ... file 'biblatex-dm.cfg' not found.
\c@afterword=\count358
\c@savedafterword=\count359
\c@annotator=\count360
\c@savedannotator=\count361
\c@author=\count362
\c@savedauthor=\count363
\c@bookauthor=\count364
\c@savedbookauthor=\count365
\c@commentator=\count366
\c@savedcommentator=\count367
\c@editor=\count368
\c@savededitor=\count369
\c@editora=\count370
\c@savededitora=\count371
\c@editorb=\count372
\c@savededitorb=\count373
\c@editorc=\count374
\c@savededitorc=\count375
\c@foreword=\count376
\c@savedforeword=\count377
\c@holder=\count378
\c@savedholder=\count379
\c@introduction=\count380
\c@savedintroduction=\count381
\c@namea=\count382
\c@savednamea=\count383
\c@nameb=\count384
\c@savednameb=\count385
\c@namec=\count386
\c@savednamec=\count387
\c@translator=\count388
\c@savedtranslator=\count389
\c@shortauthor=\count390
\c@savedshortauthor=\count391
\c@shorteditor=\count392
\c@savedshorteditor=\count393
\c@labelname=\count394
\c@savedlabelname=\count395
\c@institution=\count396
\c@savedinstitution=\count397
\c@lista=\count398
\c@savedlista=\count399
\c@listb=\count400
\c@savedlistb=\count401
\c@listc=\count402
\c@savedlistc=\count403
\c@listd=\count404
\c@savedlistd=\count405
\c@liste=\count406
\c@savedliste=\count407
\c@listf=\count408
\c@savedlistf=\count409
\c@location=\count410
\c@savedlocation=\count411
\c@organization=\count412
\c@savedorganization=\count413
\c@origlocation=\count414
\c@savedoriglocation=\count415
\c@origpublisher=\count416
\c@savedorigpublisher=\count417
\c@publisher=\count418
\c@savedpublisher=\count419
\c@language=\count420
\c@savedlanguage=\count421
\c@origlanguage=\count422
\c@savedoriglanguage=\count423
\c@pageref=\count424
\c@savedpageref=\count425
\shorthandwidth=\skip81
\shortjournalwidth=\skip82
\shortserieswidth=\skip83
\shorttitlewidth=\skip84
\shortauthorwidth=\skip85
\shorteditorwidth=\skip86
\locallabelnumberwidth=\skip87
\locallabelalphawidth=\skip88
\localshorthandwidth=\skip89
\localshortjournalwidth=\skip90
\localshortserieswidth=\skip91
\localshorttitlewidth=\skip92
\localshortauthorwidth=\skip93
\localshorteditorwidth=\skip94
Package biblatex Info: Trying to load compatibility code...
Package biblatex Info: ... file 'blx-compat.def' found.

(d:/Program Files/texlive/2025/texmf-dist/tex/latex/biblatex/blx-compat.def
File: blx-compat.def 2024/03/21 v3.20 biblatex compatibility (PK/MW)
)
Package biblatex Info: Trying to load generic definitions...
Package biblatex Info: ... file 'biblatex.def' found.

(d:/Program Files/texlive/2025/texmf-dist/tex/latex/biblatex/biblatex.def
File: biblatex.def 2024/03/21 v3.20 biblatex compatibility (PK/MW)
\c@textcitecount=\count426
\c@textcitetotal=\count427
\c@textcitemaxnames=\count428
\c@biburlbigbreakpenalty=\count429
\c@biburlbreakpenalty=\count430
\c@biburlnumpenalty=\count431
\c@biburlucpenalty=\count432
\c@biburllcpenalty=\count433
\biburlbigskip=\muskip19
\biburlnumskip=\muskip20
\biburlucskip=\muskip21
\biburllcskip=\muskip22
\c@smartand=\count434
)
Package biblatex Info: Trying to load bibliography style 'caspervector'...
Package biblatex Info: ... file 'caspervector.bbx' found.

(d:/Program Files/texlive/2025/texmf-dist/tex/latex/biblatex-caspervector/caspe
rvector.bbx
File: caspervector.bbx 2024/03/07 v0.3.7 Casper Ti. Vector's numeric biblatex b
ibstyle
Package biblatex Info: Trying to load bibliography style 'numeric-comp'...
Package biblatex Info: ... file 'numeric-comp.bbx' found.

(d:/Program Files/texlive/2025/texmf-dist/tex/latex/biblatex/bbx/numeric-comp.b
bx
File: numeric-comp.bbx 2024/03/21 v3.20 biblatex bibliography style (PK/MW)
Package biblatex Info: Trying to load bibliography style 'numeric'...
Package biblatex Info: ... file 'numeric.bbx' found.
 (d:/Program Files/texlive/2025/texmf-dist/tex/latex/biblatex/bbx/numeric.bbx
File: numeric.bbx 2024/03/21 v3.20 biblatex bibliography style (PK/MW)
Package biblatex Info: Trying to load bibliography style 'standard'...
Package biblatex Info: ... file 'standard.bbx' found.
(d:/Program Files/texlive/2025/texmf-dist/tex/latex/biblatex/bbx/standard.bbx
File: standard.bbx 2024/03/21 v3.20 biblatex bibliography style (PK/MW)
\c@bbx:relatedcount=\count435
\c@bbx:relatedtotal=\count436
)))
(d:/Program Files/texlive/2025/texmf-dist/tex/latex/biblatex-caspervector/blx-c
aspervector-base.def
File: blx-caspervector-base.def 2024/03/07 v0.3.7 Casper Ti. Vector's biblatex 
library
Package biblatex Info: Delimiter 'nameyeardelim' in context 'textcite' already 
defined, overwriting.
Package biblatex Info: Delimiter 'nonameyeardelim' in context 'textcite' alread
y defined, overwriting.
))
Package biblatex Info: Trying to load citation style 'caspervector'...
Package biblatex Info: ... file 'caspervector.cbx' found.

(d:/Program Files/texlive/2025/texmf-dist/tex/latex/biblatex-caspervector/caspe
rvector.cbx
File: caspervector.cbx 2024/03/07 v0.3.7 Casper Ti. Vector's numeric biblatex c
itestyle
Package biblatex Info: Trying to load citation style 'numeric-comp'...
Package biblatex Info: ... file 'numeric-comp.cbx' found.

(d:/Program Files/texlive/2025/texmf-dist/tex/latex/biblatex/cbx/numeric-comp.c
bx
File: numeric-comp.cbx 2024/03/21 v3.20 biblatex citation style (PK/MW)
\c@cbx@tempcnta=\count437
\c@cbx@tempcntb=\count438
\c@cbx@tempcntc=\count439
\c@cbx@tempcntd=\count440
Package biblatex Info: Redefining '\cite'.
Package biblatex Info: Redefining '\parencite'.
Package biblatex Info: Redefining '\footcite'.
Package biblatex Info: Redefining '\footcitetext'.
Package biblatex Info: Redefining '\smartcite'.
Package biblatex Info: Redefining '\supercite'.
Package biblatex Info: Redefining '\textcite'.
Package biblatex Info: Redefining '\textcites'.
Package biblatex Info: Redefining '\cites'.
Package biblatex Info: Redefining '\parencites'.
Package biblatex Info: Redefining '\smartcites'.
)
Package biblatex Info: Redefining '\cite'.
Package biblatex Info: Redefining '\supercite'.
)
Package biblatex Info: Trying to load configuration file...
Package biblatex Info: ... file 'biblatex.cfg' found.
 (d:/Program Files/texlive/2025/texmf-dist/tex/latex/biblatex/biblatex.cfg
File: biblatex.cfg 
)

Package biblatex Warning: 'firstinits' option is deprecated.
(biblatex)                Please use 'giveninits' instead.

Package biblatex Info: Input encoding 'utf8' detected.
Package biblatex Info: Document encoding is UTF8 ....
Package biblatex Info: ... and expl3
(biblatex)             2025-01-18 L3 programming layer (loader) 
(biblatex)             is new enough (at least 2020/04/06),
(biblatex)             setting 'casechanger=expl3'.

(d:/Program Files/texlive/2025/texmf-dist/tex/latex/biblatex/blx-case-expl3.sty

(d:/Program Files/texlive/2025/texmf-dist/tex/latex/l3packages/xparse/xparse.st
y
Package: xparse 2024-08-16 L3 Experimental document command parser
)
Package: blx-case-expl3 2024/03/21 v3.20 expl3 case changing code for biblatex
))
(d:/Program Files/texlive/2025/texmf-dist/tex/latex/biblatex-caspervector/blx-c
aspervector-utf8.def
File: blx-caspervector-utf8.def 2024/03/07 v0.3.7 Chinese punctuations and capt
ions in UTF-8
))
(d:/Program Files/texlive/2025/texmf-dist/tex/latex/booktabs/booktabs.sty
Package: booktabs 2020/01/12 v1.61803398 Publication quality tables
\heavyrulewidth=\dimen165
\lightrulewidth=\dimen166
\cmidrulewidth=\dimen167
\belowrulesep=\dimen168
\belowbottomsep=\dimen169
\aboverulesep=\dimen170
\abovetopsep=\dimen171
\cmidrulesep=\dimen172
\cmidrulekern=\dimen173
\defaultaddspace=\dimen174
\@cmidla=\count441
\@cmidlb=\count442
\@aboverulesep=\dimen175
\@belowrulesep=\dimen176
\@thisruleclass=\count443
\@lastruleclass=\count444
\@thisrulewidth=\dimen177
)
(d:/Program Files/texlive/2025/texmf-dist/tex/latex/tools/array.sty
Package: array 2024/10/17 v2.6g Tabular extension package (FMi)
\col@sep=\dimen178
\ar@mcellbox=\box58
\extrarowheight=\dimen179
\NC@list=\toks34
\extratabsurround=\skip95
\backup@length=\skip96
\ar@cellbox=\box59
)
! Undefined control sequence.
<recently read> \setmainfont 
                             
l.15 \setmainfont
                 {Times New Roman}
? 

! LaTeX Error: Missing \begin{document}.

See the LaTeX manual or LaTeX Companion for explanation.
Type  H <return>  for immediate help.
 ...                                              
                                                  
l.15 \setmainfont{T
                   imes New Roman}
? 
(d:/Program Files/texlive/2025/texmf-dist/tex/latex/hyperref/hyperref.sty
Package: hyperref 2024-11-05 v7.01l Hypertext links for LaTeX

(d:/Program Files/texlive/2025/texmf-dist/tex/generic/kvdefinekeys/kvdefinekeys
.sty
Package: kvdefinekeys 2019-12-19 v1.6 Define keys (HO)
)
(d:/Program Files/texlive/2025/texmf-dist/tex/generic/pdfescape/pdfescape.sty
Package: pdfescape 2019/12/09 v1.15 Implements pdfTeX's escape features (HO)
)
(d:/Program Files/texlive/2025/texmf-dist/tex/latex/hycolor/hycolor.sty
Package: hycolor 2020-01-27 v1.10 Color options for hyperref/bookmark (HO)
)
(d:/Program Files/texlive/2025/texmf-dist/tex/latex/hyperref/nameref.sty
Package: nameref 2023-11-26 v2.56 Cross-referencing by name of section

(d:/Program Files/texlive/2025/texmf-dist/tex/latex/refcount/refcount.sty
Package: refcount 2019/12/15 v3.6 Data extraction from label references (HO)
)
(d:/Program Files/texlive/2025/texmf-dist/tex/generic/gettitlestring/gettitlest
ring.sty
Package: gettitlestring 2019/12/15 v1.6 Cleanup title references (HO)
)
\c@section@level=\count445
)
(d:/Program Files/texlive/2025/texmf-dist/tex/generic/stringenc/stringenc.sty
Package: stringenc 2019/11/29 v1.12 Convert strings between diff. encodings (HO
)
)
\@linkdim=\dimen180
\Hy@linkcounter=\count446
\Hy@pagecounter=\count447

(d:/Program Files/texlive/2025/texmf-dist/tex/latex/hyperref/pd1enc.def
File: pd1enc.def 2024-11-05 v7.01l Hyperref: PDFDocEncoding definition (HO)
Now handling font encoding PD1 ...
... no UTF-8 mapping file for font encoding PD1
)
(d:/Program Files/texlive/2025/texmf-dist/tex/generic/intcalc/intcalc.sty
Package: intcalc 2019/12/15 v1.3 Expandable calculations with integers (HO)
)
\Hy@SavedSpaceFactor=\count448

(d:/Program Files/texlive/2025/texmf-dist/tex/latex/hyperref/puenc.def
File: puenc.def 2024-11-05 v7.01l Hyperref: PDF Unicode definition (HO)
Now handling font encoding PU ...
... no UTF-8 mapping file for font encoding PU
)
Package hyperref Info: Option `unicode' set `true' on input line 4040.


Package hyperref Warning: Invalid value `0'
(hyperref)                for option `pdfborder'.
(hyperref)                Option setting is ignored on input line 4040.

Package hyperref Info: Option `CJKbookmarks' set `true' on input line 4040.
Package hyperref Info: Hyper figures OFF on input line 4157.
Package hyperref Info: Link nesting OFF on input line 4162.
Package hyperref Info: Hyper index ON on input line 4165.
Package hyperref Info: Plain pages OFF on input line 4172.
Package hyperref Info: Backreferencing OFF on input line 4177.
Package hyperref Info: Implicit mode ON; LaTeX internals redefined.
Package hyperref Info: Bookmarks ON on input line 4424.
\c@Hy@tempcnt=\count449
LaTeX Info: Redefining \url on input line 4763.
\XeTeXLinkMargin=\dimen181
(d:/Program Files/texlive/2025/texmf-dist/tex/generic/bitset/bitset.sty
Package: bitset 2019/12/09 v1.3 Handle bit-vector datatype (HO)

(d:/Program Files/texlive/2025/texmf-dist/tex/generic/bigintcalc/bigintcalc.sty
Package: bigintcalc 2019/12/15 v1.5 Expandable calculations on big integers (HO
)
))
\Fld@menulength=\count450
\Field@Width=\dimen182
\Fld@charsize=\dimen183
Package hyperref Info: Hyper figures OFF on input line 6042.
Package hyperref Info: Link nesting OFF on input line 6047.
Package hyperref Info: Hyper index ON on input line 6050.
Package hyperref Info: backreferencing OFF on input line 6057.
Package hyperref Info: Link coloring OFF on input line 6062.
Package hyperref Info: Link coloring with OCG OFF on input line 6067.
Package hyperref Info: PDF/A mode OFF on input line 6072.
 (d:/Program Files/texlive/2025/texmf-dist/tex/latex/base/atbegshi-ltx.sty
Package: atbegshi-ltx 2021/01/10 v1.0c Emulation of the original atbegshi
package with kernel methods
)
\Hy@abspage=\count451
\c@Item=\count452
\c@Hfootnote=\count453
)
Package hyperref Info: Driver (autodetected): hpdftex.

(d:/Program Files/texlive/2025/texmf-dist/tex/latex/hyperref/hpdftex.def
File: hpdftex.def 2024-11-05 v7.01l Hyperref driver for pdfTeX

(d:/Program Files/texlive/2025/texmf-dist/tex/latex/base/atveryend-ltx.sty
Package: atveryend-ltx 2020/08/19 v1.0a Emulation of the original atveryend pac
kage
with kernel methods
)
\Fld@listcount=\count454
\c@bookmark@seq@number=\count455

(d:/Program Files/texlive/2025/texmf-dist/tex/latex/rerunfilecheck/rerunfileche
ck.sty
Package: rerunfilecheck 2022-07-10 v1.10 Rerun checks for auxiliary files (HO)

(d:/Program Files/texlive/2025/texmf-dist/tex/generic/uniquecounter/uniquecount
er.sty
Package: uniquecounter 2019/12/15 v1.4 Provide unlimited unique counter (HO)
)
Package uniquecounter Info: New unique counter `rerunfilecheck' on input line 2
85.
)
\Hy@SectionHShift=\skip97
)

Package hyperref Warning: Unexpected value for option `hidelinks'
(hyperref)                is ignored on input line 71.

(d:/Program Files/texlive/2025/texmf-dist/tex/latex/cjk/texinput/UTF8/UTF8.enc
File: UTF8.enc 2021/10/16 4.8.5
) (d:/Program Files/texlive/2025/texmf-dist/tex/latex/cjk/texinput/UTF8/UTF8.ch
r
File: UTF8.chr 2021/10/16 4.8.5
)
\@quotelevel=\count456
\@quotereset=\count457


Package biblatex Warning: Conflicting options.
(biblatex)                'date=iso' requires 'seconds=true'.
(biblatex)                Setting 'seconds=true' on input line 78.

LaTeX Font Info:    Trying to load font information for OT1+ptm on input line 7
8.
(d:/Program Files/texlive/2025/texmf-dist/tex/latex/psnfss/ot1ptm.fd
File: ot1ptm.fd 2001/06/04 font definitions for OT1/ptm.
)
(./CVClassSample.aux)
\openout1 = `CVClassSample.aux'.

LaTeX Font Info:    Checking defaults for OML/cmm/m/it on input line 78.
LaTeX Font Info:    ... okay on input line 78.
LaTeX Font Info:    Checking defaults for OMS/cmsy/m/n on input line 78.
LaTeX Font Info:    ... okay on input line 78.
LaTeX Font Info:    Checking defaults for OT1/cmr/m/n on input line 78.
LaTeX Font Info:    ... okay on input line 78.
LaTeX Font Info:    Checking defaults for T1/cmr/m/n on input line 78.
LaTeX Font Info:    ... okay on input line 78.
LaTeX Font Info:    Checking defaults for TS1/cmr/m/n on input line 78.
LaTeX Font Info:    ... okay on input line 78.
LaTeX Font Info:    Checking defaults for OMX/cmex/m/n on input line 78.
LaTeX Font Info:    ... okay on input line 78.
LaTeX Font Info:    Checking defaults for U/cmr/m/n on input line 78.
LaTeX Font Info:    ... okay on input line 78.
LaTeX Font Info:    Checking defaults for C00/song/m/n on input line 78.
LaTeX Font Info:    ... okay on input line 78.
LaTeX Font Info:    Checking defaults for C05/song/m/n on input line 78.
LaTeX Font Info:    ... okay on input line 78.
LaTeX Font Info:    Checking defaults for C09/song/m/n on input line 78.
LaTeX Font Info:    ... okay on input line 78.
LaTeX Font Info:    Checking defaults for C10/song/m/n on input line 78.
LaTeX Font Info:    ... okay on input line 78.
LaTeX Font Info:    Checking defaults for C20/song/m/n on input line 78.
LaTeX Font Info:    ... okay on input line 78.
LaTeX Font Info:    Checking defaults for C19/song/m/n on input line 78.
LaTeX Font Info:    ... okay on input line 78.
LaTeX Font Info:    Checking defaults for C40/song/m/n on input line 78.
LaTeX Font Info:    ... okay on input line 78.
LaTeX Font Info:    Checking defaults for C42/song/m/n on input line 78.
LaTeX Font Info:    ... okay on input line 78.
LaTeX Font Info:    Checking defaults for C43/song/m/n on input line 78.
LaTeX Font Info:    ... okay on input line 78.
LaTeX Font Info:    Checking defaults for C50/song/m/n on input line 78.
LaTeX Font Info:    ... okay on input line 78.
LaTeX Font Info:    Checking defaults for C52/song/m/n on input line 78.
LaTeX Font Info:    ... okay on input line 78.
LaTeX Font Info:    Checking defaults for C49/song/m/n on input line 78.
LaTeX Font Info:    ... okay on input line 78.
LaTeX Font Info:    Checking defaults for C60/mj/m/n on input line 78.
LaTeX Font Info:    ... okay on input line 78.
LaTeX Font Info:    Checking defaults for C61/mj/m/n on input line 78.
LaTeX Font Info:    ... okay on input line 78.
LaTeX Font Info:    Checking defaults for C63/mj/m/n on input line 78.
LaTeX Font Info:    ... okay on input line 78.
LaTeX Font Info:    Checking defaults for C64/mj/m/n on input line 78.
LaTeX Font Info:    ... okay on input line 78.
LaTeX Font Info:    Checking defaults for C65/mj/m/n on input line 78.
LaTeX Font Info:    ... okay on input line 78.
LaTeX Font Info:    Checking defaults for C70/song/m/n on input line 78.
LaTeX Font Info:    ... okay on input line 78.
LaTeX Font Info:    Checking defaults for C31/song/m/n on input line 78.
LaTeX Font Info:    ... okay on input line 78.
LaTeX Font Info:    Checking defaults for C32/song/m/n on input line 78.
LaTeX Font Info:    ... okay on input line 78.
LaTeX Font Info:    Checking defaults for C33/song/m/n on input line 78.
LaTeX Font Info:    ... okay on input line 78.
LaTeX Font Info:    Checking defaults for C34/song/m/n on input line 78.
LaTeX Font Info:    ... okay on input line 78.
LaTeX Font Info:    Checking defaults for C35/song/m/n on input line 78.
LaTeX Font Info:    ... okay on input line 78.
LaTeX Font Info:    Checking defaults for C36/song/m/n on input line 78.
LaTeX Font Info:    ... okay on input line 78.
LaTeX Font Info:    Checking defaults for C37/song/m/n on input line 78.
LaTeX Font Info:    ... okay on input line 78.
LaTeX Font Info:    Checking defaults for C80/song/m/n on input line 78.
LaTeX Font Info:    ... okay on input line 78.
LaTeX Font Info:    Checking defaults for C81/song/m/n on input line 78.
LaTeX Font Info:    ... okay on input line 78.
LaTeX Font Info:    Checking defaults for C01/song/m/n on input line 78.
LaTeX Font Info:    ... okay on input line 78.
LaTeX Font Info:    Checking defaults for C11/song/m/n on input line 78.
LaTeX Font Info:    ... okay on input line 78.
LaTeX Font Info:    Checking defaults for C21/song/m/n on input line 78.
LaTeX Font Info:    ... okay on input line 78.
LaTeX Font Info:    Checking defaults for C41/song/m/n on input line 78.
LaTeX Font Info:    ... okay on input line 78.
LaTeX Font Info:    Checking defaults for C62/song/m/n on input line 78.
LaTeX Font Info:    ... okay on input line 78.
LaTeX Font Info:    Checking defaults for PD1/pdf/m/n on input line 78.
LaTeX Font Info:    ... okay on input line 78.
LaTeX Font Info:    Checking defaults for PU/pdf/m/n on input line 78.
LaTeX Font Info:    ... okay on input line 78.

(d:/Program Files/texlive/2025/texmf-dist/tex/context/base/mkii/supp-pdf.mkii
[Loading MPS to PDF converter (version 2006.09.02).]
\scratchcounter=\count458
\scratchdimen=\dimen184
\scratchbox=\box60
\nofMPsegments=\count459
\nofMParguments=\count460
\everyMPshowfont=\toks35
\MPscratchCnt=\count461
\MPscratchDim=\dimen185
\MPnumerator=\count462
\makeMPintoPDFobject=\count463
\everyMPtoPDFconversion=\toks36
)
(d:/Program Files/texlive/2025/texmf-dist/tex/latex/epstopdf-pkg/epstopdf-base.
sty
Package: epstopdf-base 2020-01-24 v2.11 Base part for package epstopdf
Package epstopdf-base Info: Redefining graphics rule for `.eps' on input line 4
85.

(d:/Program Files/texlive/2025/texmf-dist/tex/latex/latexconfig/epstopdf-sys.cf
g
File: epstopdf-sys.cfg 2010/07/13 v1.3 Configuration of (r)epstopdf for TeX Liv
e
))
*geometry* driver: auto-detecting
*geometry* detected driver: pdftex
*geometry* verbose mode - [ preamble ] result:
* driver: pdftex
* paper: a4paper
* layout: <same size as paper>
* layoutoffset:(h,v)=(0.0pt,0.0pt)
* modes: 
* h-part:(L,W,R)=(72.26999pt, 452.9679pt, 72.26999pt)
* v-part:(T,H,B)=(72.26999pt, 700.50687pt, 72.26999pt)
* \paperwidth=597.50787pt
* \paperheight=845.04684pt
* \textwidth=452.9679pt
* \textheight=700.50687pt
* \oddsidemargin=0.0pt
* \evensidemargin=0.0pt
* \topmargin=-37.0pt
* \headheight=12.0pt
* \headsep=25.0pt
* \topskip=11.0pt
* \footskip=30.0pt
* \marginparwidth=50.0pt
* \marginparsep=10.0pt
* \columnsep=10.0pt
* \skip\footins=10.0pt plus 4.0pt minus 2.0pt
* \hoffset=0.0pt
* \voffset=0.0pt
* \mag=1000
* \@twocolumnfalse
* \@twosidefalse
* \@mparswitchfalse
* \@reversemarginfalse
* (1in=72.27pt=25.4mm, 1cm=28.453pt)

Package biblatex Info: Trying to load language 'english'...
Package biblatex Info: ... file 'english.lbx' found.
(d:/Program Files/texlive/2025/texmf-dist/tex/latex/biblatex/lbx/english.lbx
File: english.lbx 2024/03/21 v3.20 biblatex localization (PK/MW)
)
Package biblatex Info: Input encoding 'UTF-8' specified.


Package biblatex Warning: Initial guess for file encoding (utf8)
(biblatex)                and new guess (UTF-8) do not match.
(biblatex)                Please set up your document encoding *before*
(biblatex)                loading biblatex.
(biblatex)                The case changing code might not work as expected.

Package biblatex Info: Automatic encoding selection.
(biblatex)             Assuming data encoding 'UTF-8'.
\openout3 = `CVClassSample.bcf'.

Package biblatex Info: Trying to load bibliographic data...
Package biblatex Info: ... file 'CVClassSample.bbl' found.
(./CVClassSample.bbl)
Package biblatex Info: Reference section=0 on input line 78.
Package biblatex Info: Reference segment=0 on input line 78.
Package hyperref Info: Link coloring OFF on input line 78.
 (./CVClassSample.out
Runaway argument?
{\376\377\000Á\80†\000î\80Á\000©\80∂\000Ë\80É\000å\80Ê\000ô\80Ø\000‰\8\ETC.
! Paragraph ended before \@@BOOKMARK was complete.
<to be read again> 
                   \par 
l.2 ...\000‰\80∏\000é\80Ê\000å\80ë\000Ê\80à\00\par
                                                   }{section.1}% 2
? 
! Extra }, or forgotten \endgroup.
l.2 ...00‰\80∏\000é\80Ê\000å\80ë\000Ê\80à\00\par }
                                                  {section.1}% 2
? 
Runaway argument?
{\376\377\000Â\80ü\000∫\80‰\000∫\80é\000‰\80∫\000ã\80‰\000ª\80∂\000Ë\8\ETC.
! Paragraph ended before \@@BOOKMARK was complete.
<to be read again> 
                   \par 
l.6 ...\000Á\80ö\000Ñ\80Â\000∫\80î\000Á\80î\00\par
                                                   }{section.2}% 6
? 
! Extra }, or forgotten \endgroup.
l.6 ...00Á\80ö\000Ñ\80Â\000∫\80î\000Á\80î\00\par }
                                                  {section.2}% 6
? 
Runaway argument?
{\376\377\000È\80≤\000Å\80Ê\000£\80í\000‰\80Ω\000ç\80Â\000ß\80ø\000Ë\8\ETC.
! Paragraph ended before \@@BOOKMARK was complete.
<to be read again> 
                   \par 
l.21 ...000‰\80Ω\000ï\80‰\000ø\80Æ\000Ê\80≠\00\par
                                                   }{subsection.3.4}% 21
? 
! Extra }, or forgotten \endgroup.
l.21 ...0‰\80Ω\000ï\80‰\000ø\80Æ\000Ê\80≠\00\par }
                                                  {subsection.3.4}% 21
? 
Runaway argument?
{\376\377\000Ê\80†\000∏\80Â\000ø\80É\000Ë\80É\000Ω\80Â\000ä\80õ\000È\8\ETC.
! Paragraph ended before \@@BOOKMARK was complete.
<to be read again> 
                   \par 
l.24 ...000Â\80∫\000¶\80Â\000Æ\80û\000È\80™\00\par
                                                   }{section.4}% 24
? 
! Extra }, or forgotten \endgroup.
l.24 ...0Â\80∫\000¶\80Â\000Æ\80û\000È\80™\00\par }
                                                  {section.4}% 24
? 
Runaway argument?
{\376\377\000Â\80ç\000ï\80Á\000â\80©\000‰\80Ω\000ì\80Â\000Æ\80û\000È\8\ETC.
! Paragraph ended before \@@BOOKMARK was complete.
<to be read again> 
                   \par 
l.26 ...000Ê\80û\000ú\80Â\000±\80ï\000Á\80§\00\par
                                                   }{subsection.4.2}% 26
? 
! Extra }, or forgotten \endgroup.
l.26 ...0Ê\80û\000ú\80Â\000±\80ï\000Á\80§\00\par }
                                                  {subsection.4.2}% 26
? 
Runaway argument?
{\376\377\000Ê\80∂\000à\80Ë\000û\80ç\000Â\80Æ\000û\80È\000™\80å\000‰\8\ETC.
! Paragraph ended before \@@BOOKMARK was complete.
<to be read again> 
                   \par 
l.28 ...000Ë\80É\000Ω\80Â\000à\80Ü\000Ê\80û\00\par
                                                   }{section.4}% 28
? 
! Extra }, or forgotten \endgroup.
l.28 ...0Ë\80É\000Ω\80Â\000à\80Ü\000Ê\80û\00\par }
                                                  {section.4}% 28
? 
Runaway argument?
{\376\377\000Ê\80Ä\000ª\80Á\000ª\80ì\000‰\80∏\000é\80Ê\000ú\80™\000Ê\8\ETC.
! Paragraph ended before \@@BOOKMARK was complete.
<to be read again> 
                   \par 
l.30 ...000Ê\80ù\000•\80Â\000±\80ï\000Ê\80ú\00\par
                                                   }{}% 30
? 
! Extra }, or forgotten \endgroup.
l.30 ...0Ê\80ù\000•\80Â\000±\80ï\000Ê\80ú\00\par }
                                                  {}% 30
? 
) (./CVClassSample.out
Runaway argument?
{\376\377\000Á\80†\000î\80Á\000©\80∂\000Ë\80É\000å\80Ê\000ô\80Ø\000‰\8\ETC.
! Paragraph ended before \@@BOOKMARK was complete.
<to be read again> 
                   \par 
l.2 ...\000‰\80∏\000é\80Ê\000å\80ë\000Ê\80à\00\par
                                                   }{section.1}% 2
? 
! Extra }, or forgotten \endgroup.
l.2 ...00‰\80∏\000é\80Ê\000å\80ë\000Ê\80à\00\par }
                                                  {section.1}% 2
? 
Runaway argument?
{\376\377\000Â\80ü\000∫\80‰\000∫\80é\000‰\80∫\000ã\80‰\000ª\80∂\000Ë\8\ETC.
! Paragraph ended before \@@BOOKMARK was complete.
<to be read again> 
                   \par 
l.6 ...\000Á\80ö\000Ñ\80Â\000∫\80î\000Á\80î\00\par
                                                   }{section.2}% 6
? 
! Extra }, or forgotten \endgroup.
l.6 ...00Á\80ö\000Ñ\80Â\000∫\80î\000Á\80î\00\par }
                                                  {section.2}% 6
? 
Runaway argument?
{\376\377\000È\80≤\000Å\80Ê\000£\80í\000‰\80Ω\000ç\80Â\000ß\80ø\000Ë\8\ETC.
! Paragraph ended before \@@BOOKMARK was complete.
<to be read again> 
                   \par 
l.21 ...000‰\80Ω\000ï\80‰\000ø\80Æ\000Ê\80≠\00\par
                                                   }{subsection.3.4}% 21
? 
! Extra }, or forgotten \endgroup.
l.21 ...0‰\80Ω\000ï\80‰\000ø\80Æ\000Ê\80≠\00\par }
                                                  {subsection.3.4}% 21
? 
Runaway argument?
{\376\377\000Ê\80†\000∏\80Â\000ø\80É\000Ë\80É\000Ω\80Â\000ä\80õ\000È\8\ETC.
! Paragraph ended before \@@BOOKMARK was complete.
<to be read again> 
                   \par 
l.24 ...000Â\80∫\000¶\80Â\000Æ\80û\000È\80™\00\par
                                                   }{section.4}% 24
? 
! Extra }, or forgotten \endgroup.
l.24 ...0Â\80∫\000¶\80Â\000Æ\80û\000È\80™\00\par }
                                                  {section.4}% 24
? 
Runaway argument?
{\376\377\000Â\80ç\000ï\80Á\000â\80©\000‰\80Ω\000ì\80Â\000Æ\80û\000È\8\ETC.
! Paragraph ended before \@@BOOKMARK was complete.
<to be read again> 
                   \par 
l.26 ...000Ê\80û\000ú\80Â\000±\80ï\000Á\80§\00\par
                                                   }{subsection.4.2}% 26
? 
! Extra }, or forgotten \endgroup.
l.26 ...0Ê\80û\000ú\80Â\000±\80ï\000Á\80§\00\par }
                                                  {subsection.4.2}% 26
? 
Runaway argument?
{\376\377\000Ê\80∂\000à\80Ë\000û\80ç\000Â\80Æ\000û\80È\000™\80å\000‰\8\ETC.
! Paragraph ended before \@@BOOKMARK was complete.
<to be read again> 
                   \par 
l.28 ...000Ë\80É\000Ω\80Â\000à\80Ü\000Ê\80û\00\par
                                                   }{section.4}% 28
? 
! Extra }, or forgotten \endgroup.
l.28 ...0Ë\80É\000Ω\80Â\000à\80Ü\000Ê\80û\00\par }
                                                  {section.4}% 28
? 
Runaway argument?
{\376\377\000Ê\80Ä\000ª\80Á\000ª\80ì\000‰\80∏\000é\80Ê\000ú\80™\000Ê\8\ETC.
! Paragraph ended before \@@BOOKMARK was complete.
<to be read again> 
                   \par 
l.30 ...000Ê\80ù\000•\80Â\000±\80ï\000Ê\80ú\00\par
                                                   }{}% 30
? 
! Extra }, or forgotten \endgroup.
l.30 ...0Ê\80ù\000•\80Â\000±\80ï\000Ê\80ú\00\par }
                                                  {}% 30
? 
)
\@outlinefile=\write4
\openout4 = `CVClassSample.out'.



LaTeX Font Info:    Trying to load font information for C70+rm on input line 79
.
(d:/Program Files/texlive/2025/texmf-dist/tex/latex/ctex/fd/c70rm.fd
File: c70rm.fd 2022/07/14 v2.5.10 Chinese font definition (CTEX)
)
Package CJKpunct Info: use punctuation spaces for family 'rm' with punctstyle (
quanjiao) on input line 79.
LaTeX Font Info:    Trying to load font information for C70+zhkai on input line
 79.

(d:/Program Files/texlive/2025/texmf-dist/tex/latex/zhmetrics/c70zhkai.fd
File: c70zhkai.fd 2009/09/23 4.8.2
)
(d:/Program Files/texlive/2025/texmf-dist/tex/generic/ctex/zhmap/ctex-zhmap-win
dows.tex
File: ctex-zhmap-windows.tex 2022/07/14 v2.5.10 Windows font map loader for pdf
TeX and DVIPDFMx (CTEX)
{d:/Program Files/texlive/2025/texmf-var/fonts/map/pdftex/updmap/pdftex.map}{UG
BK.sfd}{Unicode.sfd}) [1{d:/Program Files/texlive/2025/texmf-dist/fonts/enc/dvi
ps/base/8r.enc}

]
LaTeX Font Info:    Trying to load font information for U+msa on input line 79.


(d:/Program Files/texlive/2025/texmf-dist/tex/latex/amsfonts/umsa.fd
File: umsa.fd 2013/01/14 v3.01 AMS symbols A
)
LaTeX Font Info:    Trying to load font information for U+msb on input line 79.


(d:/Program Files/texlive/2025/texmf-dist/tex/latex/amsfonts/umsb.fd
File: umsb.fd 2013/01/14 v3.01 AMS symbols B
)
! Argument of \HyPsd@GetTwoBytes has an extra }.
<inserted text> 
                \par 
l.86 \subsection{Á†îÁ©∂ËÉåÊôØ‰∏éÊåëÊàò}
                                       
? 
Runaway argument?
0ò\@empty \@empty \@empty 
! Paragraph ended before \HyPsd@GetTwoBytes was complete.
<to be read again> 
                   \par 
l.86 \subsection{Á†îÁ©∂ËÉåÊôØ‰∏éÊåëÊàò}
                                       
? 

Overfull \hbox (11.93507pt too wide) in paragraph at lines 97--98
[]\C70/rm/b/n/10.95/87 ç \C70/rm/b/n/10.95/54 ^^H \C70/rm/b/n/10.95/67 : \C70/r
m/b/n/10.95/52 6|\C70/rm/b/n/10.95/ff ^^Z| \C70/rm/b/n/10.95/81 Í \C70/rm/b/n/1
0.95/90 ^^B \C70/rm/b/n/10.95/5e î \C70/rm/b/n/10.95/95 Ë \C70/rm/b/n/10.95/63 
ß \C70/rm/b/n/10.95/87 ç \C70/rm/b/n/10.95/54 ^^H|\C70/rm/m/n/10.95/30 ^^B| \C7
0/rm/m/n/10.95/8b æ ° \C70/rm/m/n/10.95/4e Ü\OT1/ptm/m/n/10.95 Gated Fu-sion\C7
0/rm/m/n/10.95/6a ! \C70/rm/m/n/10.95/57 W|\C70/rm/m/n/10.95/ff ^^L| \C70/rm/m/
n/10.95/4f ^^? \C70/rm/m/n/10.95/7f Q \C70/rm/m/n/10.95/7e ‹ \C70/rm/m/n/10.95/
80 ˝ \C70/rm/m/n/10.95/59 ^^_ \C70/rm/m/n/10.95/68 9 \C70/rm/m/n/10.95/63 n \C7
0/rm/m/n/10.95/8f ì \C70/rm/m/n/10.95/51 e \C70/rm/m/n/10.95/8d ( \C70/rm/m/n/1
0.95/91 œ |\C70/rm/m/n/10.95/ff ^^H|\C70/rm/m/n/10.95/59 Ç\OT1/ptm/m/n/10.95 RG
B\C70/rm/m/n/10.95/66 /
 []



[2]
! Argument of \HyPsd@GetTwoBytes has an extra }.
<inserted text> 
                \par 
l.105 \subsection{Âü∫‰∫é‰∫ã‰ª∂ËßÜËßâÁöÑÂ∫îÁî®}
                                              
? 
Runaway argument?
0®\@empty \@empty \@empty 
! Paragraph ended before \HyPsd@GetTwoBytes was complete.
<to be read again> 
                   \par 
l.105 \subsection{Âü∫‰∫é‰∫ã‰ª∂ËßÜËßâÁöÑÂ∫îÁî®}
                                              
? 
<fig/framework.png, id=299, 814.54312pt x 466.74374pt>
File: fig/framework.png Graphic file (type png)
<use fig/framework.png>
Package pdftex.def Info: fig/framework.png  used on input line 116.
(pdftex.def)             Requested size: 407.66833pt x 233.5992pt.


[3 <./fig/framework.png (PNG copy)>]
<fig/MTScomparison.png, id=328, 664.98438pt x 199.24437pt>
File: fig/MTScomparison.png Graphic file (type png)
<use fig/MTScomparison.png>
Package pdftex.def Info: fig/MTScomparison.png  used on input line 147.
(pdftex.def)             Requested size: 407.66833pt x 122.14693pt.
LaTeX Font Info:    Trying to load font information for OT1+pcr on input line 1
54.

(d:/Program Files/texlive/2025/texmf-dist/tex/latex/psnfss/ot1pcr.fd
File: ot1pcr.fd 2001/06/04 font definitions for OT1/pcr.
)

[4]
LaTeX Font Info:    Trying to load font information for TS1+ptm on input line 1
66.
 (d:/Program Files/texlive/2025/texmf-dist/tex/latex/psnfss/ts1ptm.fd
File: ts1ptm.fd 2001/06/04 font definitions for TS1/ptm.
)
<fig/guided_6d_convincing_results.png, id=353, 1718.5806pt x 954.2049pt>
File: fig/guided_6d_convincing_results.png Graphic file (type png)
<use fig/guided_6d_convincing_results.png>
Package pdftex.def Info: fig/guided_6d_convincing_results.png  used on input li
ne 173.
(pdftex.def)             Requested size: 407.66833pt x 226.34938pt.

Overfull \hbox (40.4258pt too wide) in paragraph at lines 180--181
[]\C70/rm/b/n/10.95/8f ì \C70/rm/b/n/10.95/51 e \C70/rm/b/n/10.95/87 ç \C70/rm/
b/n/10.95/54 ^^H|\C70/rm/b/n/10.95/ff ^^Z|  \C70/rm/m/n/10.95/5c ^^F \OT1/ptm/m
/n/10.95 2D \C70/rm/m/n/10.95/8f – \C70/rm/m/n/10.95/52 ® \C70/rm/m/n/10.95/7e 
π \C70/rm/m/n/10.95/74 ^^F \C70/rm/m/n/10.95/88 h \C70/rm/m/n/10.95/97 b |\C70/
rm/m/n/10.95/ff ^^H|\OT1/ptm/m/n/10.95 MTS|\C70/rm/m/n/10.95/ff 	| \C70/rm/m/n/
10.95/4e ^^N \C70/rm/m/n/10.95/6d Ò \C70/rm/m/n/10.95/5e ¶ \C70/rm/m/n/10.95/56
 ˛ |\C70/rm/m/n/10.95/ff ^^H|\OT1/ptm/m/n/10.95 Depth|\C70/rm/m/n/10.95/ff 	| \
C70/rm/m/n/10.95/57 ( \C70/rm/m/n/10.95/90 ^^Z S \C70/rm/m/n/10.95/7e Ù \C70/rm
/m/n/10.95/5e ¶ \C70/rm/m/n/10.95/8f € \C70/rm/m/n/10.95/88 L \C70/rm/m/n/10.95
/62 ¸ \C70/rm/m/n/10.95/63 • |\C70/rm/m/n/10.95/ff ^^H|\OT1/ptm/m/n/10.95 Conca
tenation|\C70/rm/m/n/10.95/ff 	||\C70/rm/m/n/10.95/30 ^^B|
 []


Underfull \hbox (badness 10000) in paragraph at lines 180--181

 []



[5 <./fig/MTScomparison.png (PNG copy)>]

[6 <./fig/guided_6d_convincing_results.png>]
! Argument of \HyPsd@GetTwoBytes has an extra }.
<inserted text> 
                \par 
l.214 ...ection{È≤ÅÊ£í‰ΩçÂßøËß£ÁÆó‰∏éÂá†‰Ωï‰øÆÊ≠£}
                                                  
? 
Runaway argument?
0£\@empty \@empty \@empty 
! Paragraph ended before \HyPsd@GetTwoBytes was complete.
<to be read again> 
                   \par 
l.214 ...ection{È≤ÅÊ£í‰ΩçÂßøËß£ÁÆó‰∏éÂá†‰Ωï‰øÆÊ≠£}
                                                  
? 
! Argument of \HyPsd@GetTwoBytes has an extra }.
<inserted text> 
                \par 
l.225 ...ÉËÉΩÂäõÈ™åËØÅÔºöÂçïÁâ©‰ΩìÈ´òÁ≤æÂ∫¶ÂÆûÈ™å}
                                                  
? 
Runaway argument?
0å\@empty \@empty \@empty 
! Paragraph ended before \HyPsd@GetTwoBytes was complete.
<to be read again> 
                   \par 
l.225 ...ÉËÉΩÂäõÈ™åËØÅÔºöÂçïÁâ©‰ΩìÈ´òÁ≤æÂ∫¶ÂÆûÈ™å}
                                                  
? 
LaTeX Font Info:    Trying to load font information for C70+zhfs on input line 
226.
(d:/Program Files/texlive/2025/texmf-dist/tex/latex/zhmetrics/c70zhfs.fd
File: c70zhfs.fd 2009/09/23 4.8.2
)
Overfull \hbox (13.3923pt too wide) in paragraph at lines 226--227
[]\C70/rm/m/n/10.95/4e : Ü \C70/rm/m/n/10.95/9a å \C70/rm/m/n/10.95/8b ¡ \C70/r
m/m/n/10.95/6a ! \C70/rm/m/n/10.95/57 ã ( \C70/rm/m/n/10.95/74 ^^F \C70/rm/m/n/
10.95/60 Û ≈ \C70/rm/m/n/10.95/51 µ \C70/rm/m/n/10.95/4e  \C70/rm/m/n/10.95/76
 Ñ \C70/rm/m/n/10.95/60 ' \C70/rm/m/n/10.95/80 ˝ \C70/rm/m/n/10.95/4e 
 \C70/rm/m/n/10.95/96 P|\C70/rm/m/n/10.95/ff ^^L| \C70/rm/m/n/10.95/62 ^^Q \C70
/rm/m/n/10.95/4e Ï \C70/rm/m/n/10.95/90 	 \C70/rm/m/n/10.95/53 ÷ \C70/rm/m/n/10
.95/4e Ü \C70/rm/m/n/10.95/51 w \C70/rm/m/n/10.95/67 	 \C70/rm/m/n/10.95/4e „ \
C70/rm/m/n/10.95/88 h \C70/rm/m/n/10.95/60 ' \C70/rm/m/n/10.95/76 Ñ \C70/rm/m/n
/10.95/72 i \C70/rm/m/n/10.95/4f S |\C70/rm/m/n/10.95/ff ^^H| \OT1/pcr/m/n/10.9
5 003\C70/zhfs/m/n/10.95/54 ñ \C70/zhfs/m/n/10.95/55 ± \C70/zhfs/m/n/10.95/76 “
 \C70/rm/m/n/10.95/54 å\OT1/pcr/m/n/10.95 020\C70/zhfs/m/n/10.95/94 ≥
 []



[7]
<fig/epoch030.png, id=407, 554.727pt x 561.735pt>
File: fig/epoch030.png Graphic file (type png)
<use fig/epoch030.png>
Package pdftex.def Info: fig/epoch030.png  used on input line 236.
(pdftex.def)             Requested size: 362.37569pt x 366.95769pt.


[8 <./fig/epoch030.png>]
! Argument of \HyPsd@GetTwoBytes has an extra }.
<inserted text> 
                \par 
l.248 \subsubsection{ÂçïÁâ©‰ΩìÂÆûÈ™åÁªìÊûúÂ±ïÁ§∫}
                                                 
? 
Runaway argument?
0∫\@empty \@empty \@empty 
! Paragraph ended before \HyPsd@GetTwoBytes was complete.
<to be read again> 
                   \par 
l.248 \subsubsection{ÂçïÁâ©‰ΩìÂÆûÈ™åÁªìÊûúÂ±ïÁ§∫}
                                                 
? 
<fig/singleobj.png, id=417, 852.786pt x 460.776pt>
File: fig/singleobj.png Graphic file (type png)
<use fig/singleobj.png>
Package pdftex.def Info: fig/singleobj.png  used on input line 253.
(pdftex.def)             Requested size: 407.66833pt x 220.27pt.


[9 <./fig/singleobj.png>]

[10]
! Argument of \HyPsd@GetTwoBytes has an extra }.
<inserted text> 
                \par 
l.327 \subsection{Ê∂àËûçÂÆûÈ™å‰∏éÊÄßËÉΩÂàÜÊûê}
                                              
? 
Runaway argument?
0ê\@empty \@empty \@empty 
! Paragraph ended before \HyPsd@GetTwoBytes was complete.
<to be read again> 
                   \par 
l.327 \subsection{Ê∂àËûçÂÆûÈ™å‰∏éÊÄßËÉΩÂàÜÊûê}
                                              
? 
<fig/ablation_experiment.png, id=437, 594.366pt x 802.635pt>
File: fig/ablation_experiment.png Graphic file (type png)
<use fig/ablation_experiment.png>
Package pdftex.def Info: fig/ablation_experiment.png  used on input line 330.
(pdftex.def)             Requested size: 271.7835pt x 367.02432pt.


[11 <./fig/ablation_experiment.png>]
<fig/lastpic.png, id=449, 1187.856pt x 307.695pt>
File: fig/lastpic.png Graphic file (type png)
<use fig/lastpic.png>
Package pdftex.def Info: fig/lastpic.png  used on input line 371.
(pdftex.def)             Requested size: 452.9679pt x 117.33377pt.

! Argument of \HyPsd@GetTwoBytes has an extra }.
<inserted text> 
                \par 
l.376 \section{ÊÄªÁªì‰∏éÊú™Êù•Â±ïÊúõ}
                                     
? 
Runaway argument?
0õ\@empty \@empty \@empty 
! Paragraph ended before \HyPsd@GetTwoBytes was complete.
<to be read again> 
                   \par 
l.376 \section{ÊÄªÁªì‰∏éÊú™Êù•Â±ïÊúõ}
                                     
? 

Overfull \hbox (18.1002pt too wide) in paragraph at lines 378--379
[]\C70/rm/m/n/10.95/67 , \C70/rm/m/n/10.95/65 á \C70/rm/m/n/10.95/94 à \C70/rm/
m/n/10.95/5b ˘ \C70/rm/m/n/10.95/67 Å \C70/rm/m/n/10.95/7a Ô \C70/rm/m/n/10.95/
51 I \C70/rm/m/n/10.95/71 g \C70/rm/m/n/10.95/54 å \C70/rm/m/n/10.95/9a ÿ \C70/
rm/m/n/10.95/90 ^^_ \C70/rm/m/n/10.95/8f – \C70/rm/m/n/10.95/52 ® \C70/rm/m/n/1
0.95/57 : \C70/rm/m/n/10.95/66 o|\C70/rm/m/n/10.95/ff ^^L| \C70/rm/m/n/10.95/63
 – \C70/rm/m/n/10.95/51 ˙ \C70/rm/m/n/10.95/4e Ü ^^@ \C70/rm/m/n/10.95/79 Õ \C7
0/rm/m/n/10.95/57 ˙ \C70/rm/m/n/10.95/4e é ã ˆ \C70/rm/m/n/10.95/76 ¯ \C70/rm/m
/n/10.95/67 : \C70/rm/m/n/10.95/76 Ñ\OT1/ptm/m/n/10.95 6D\C70/rm/m/n/10.95/59 ˇ
 \C70/rm/m/n/10.95/60 ^^A \C70/rm/m/n/10.95/4f 0 \C70/rm/m/n/10.95/8b ° \C70/rm
/m/n/10.95/7f Q \C70/rm/m/n/10.95/7e ‹\OT1/ptm/m/n/10.95 GMG-PVNet|\C70/rm/m/n/
10.95/30 ^^B|
 []



[12 <./fig/lastpic.png>]

[13] (./CVClassSample.aux)
 ***********
LaTeX2e <2024-11-01> patch level 2
L3 programming layer <2022/07/14>
 ***********


LaTeX Warning: There were undefined references.

Package rerunfilecheck Info: File `CVClassSample.out' has not changed.
(rerunfilecheck)             Checksum: 58FDE7DEB6A190204C85697018F4D0AB;5972.

Package biblatex Warning: Please rerun LaTeX.

Package logreq Info: Writing requests to 'CVClassSample.run.xml'.
\openout1 = `CVClassSample.run.xml'.

 ) 
Here is how much of TeX's memory you used:
 24319 strings out of 473190
 434113 string characters out of 5712650
 1252680 words of memory out of 5000000
 46713 multiletter control sequences out of 15000+600000
 667307 words of font info for 388 fonts, out of 8000000 for 9000
 1141 hyphenation exceptions out of 8191
 95i,12n,97p,863b,1419s stack positions out of 10000i,1000n,20000p,200000b,200000s
<c:/Windows/Fonts/simhei.ttf><c:/Windows/Fonts/simhei.ttf><c:/Windows/Fonts/s
imhei.ttf><c:/Windows/Fonts/simhei.ttf><c:/Windows/Fonts/simsun.ttc><c:/Windows
/Fonts/simhei.ttf><c:/Windows/Fonts/simfang.ttf><c:/Windows/Fonts/simfang.ttf><
c:/Windows/Fonts/simfang.ttf><c:/Windows/Fonts/simfang.ttf><c:/Windows/Fonts/si
mfang.ttf><c:/Windows/Fonts/simhei.ttf><c:/Windows/Fonts/simhei.ttf><c:/Windows
/Fonts/simhei.ttf><c:/Windows/Fonts/simhei.ttf><c:/Windows/Fonts/simhei.ttf><c:
/Windows/Fonts/simhei.ttf><c:/Windows/Fonts/simhei.ttf><c:/Windows/Fonts/simsun
.ttc><c:/Windows/Fonts/simhei.ttf><c:/Windows/Fonts/simhei.ttf><c:/Windows/Font
s/simhei.ttf><c:/Windows/Fonts/simhei.ttf><c:/Windows/Fonts/simhei.ttf><c:/Wind
ows/Fonts/simhei.ttf><c:/Windows/Fonts/simsun.ttc><c:/Windows/Fonts/simhei.ttf>
<c:/Windows/Fonts/simhei.ttf><c:/Windows/Fonts/simhei.ttf><c:/Windows/Fonts/sim
hei.ttf><c:/Windows/Fonts/simhei.ttf><c:/Windows/Fonts/simsun.ttc><c:/Windows/F
onts/simhei.ttf><c:/Windows/Fonts/simhei.ttf><c:/Windows/Fonts/simsun.ttc><c:/W
indows/Fonts/simhei.ttf><c:/Windows/Fonts/simhei.ttf><c:/Windows/Fonts/simsun.t
tc><c:/Windows/Fonts/simhei.ttf><c:/Windows/Fonts/simsun.ttc><c:/Windows/Fonts/
simhei.ttf><c:/Windows/Fonts/simhei.ttf><c:/Windows/Fonts/simhei.ttf><c:/Window
s/Fonts/simhei.ttf><c:/Windows/Fonts/simhei.ttf><c:/Windows/Fonts/simsun.ttc><c
:/Windows/Fonts/simhei.ttf><c:/Windows/Fonts/simhei.ttf><c:/Windows/Fonts/simhe
i.ttf><c:/Windows/Fonts/simhei.ttf><c:/Windows/Fonts/simhei.ttf><c:/Windows/Fon
ts/simhei.ttf><c:/Windows/Fonts/simhei.ttf><c:/Windows/Fonts/simhei.ttf><c:/Win
dows/Fonts/simhei.ttf><c:/Windows/Fonts/simhei.ttf><c:/Windows/Fonts/simhei.ttf
><c:/Windows/Fonts/simhei.ttf><c:/Windows/Fonts/simhei.ttf><c:/Windows/Fonts/si
mhei.ttf><c:/Windows/Fonts/simhei.ttf><c:/Windows/Fonts/simsun.ttc><c:/Windows/
Fonts/simsun.ttc><c:/Windows/Fonts/simsun.ttc><c:/Windows/Fonts/simsun.ttc><c:/
Windows/Fonts/simsun.ttc><c:/Windows/Fonts/simhei.ttf><c:/Windows/Fonts/simhei.
ttf><c:/Windows/Fonts/simhei.ttf><c:/Windows/Fonts/simhei.ttf><c:/Windows/Fonts
/simhei.ttf><c:/Windows/Fonts/simhei.ttf><c:/Windows/Fonts/simhei.ttf><c:/Windo
ws/Fonts/simhei.ttf><c:/Windows/Fonts/simhei.ttf><c:/Windows/Fonts/simhei.ttf><
c:/Windows/Fonts/simhei.ttf><c:/Windows/Fonts/simhei.ttf><c:/Windows/Fonts/sims
un.ttc><c:/Windows/Fonts/simsun.ttc><c:/Windows/Fonts/simsun.ttc><c:/Windows/Fo
nts/simsun.ttc><c:/Windows/Fonts/simsun.ttc><c:/Windows/Fonts/simsun.ttc><c:/Wi
ndows/Fonts/simsun.ttc><c:/Windows/Fonts/simsun.ttc><c:/Windows/Fonts/simsun.tt
c><c:/Windows/Fonts/simsun.ttc><c:/Windows/Fonts/simsun.ttc><c:/Windows/Fonts/s
imsun.ttc><c:/Windows/Fonts/simsun.ttc><c:/Windows/Fonts/simsun.ttc><c:/Windows
/Fonts/simsun.ttc><c:/Windows/Fonts/simsun.ttc><c:/Windows/Fonts/simsun.ttc><c:
/Windows/Fonts/simsun.ttc><c:/Windows/Fonts/simsun.ttc><c:/Windows/Fonts/simsun
.ttc><c:/Windows/Fonts/simsun.ttc><c:/Windows/Fonts/simsun.ttc><c:/Windows/Font
s/simsun.ttc><c:/Windows/Fonts/simsun.ttc><c:/Windows/Fonts/simsun.ttc><c:/Wind
ows/Fonts/simsun.ttc><c:/Windows/Fonts/simsun.ttc><c:/Windows/Fonts/simsun.ttc>
<c:/Windows/Fonts/simsun.ttc><c:/Windows/Fonts/simsun.ttc><c:/Windows/Fonts/sim
sun.ttc><c:/Windows/Fonts/simsun.ttc><c:/Windows/Fonts/simsun.ttc><c:/Windows/F
onts/simsun.ttc><c:/Windows/Fonts/simsun.ttc><c:/Windows/Fonts/simhei.ttf><c:/W
indows/Fonts/simhei.ttf><c:/Windows/Fonts/simhei.ttf><c:/Windows/Fonts/simsun.t
tc><c:/Windows/Fonts/simsun.ttc><c:/Windows/Fonts/simsun.ttc><c:/Windows/Fonts/
simsun.ttc><c:/Windows/Fonts/simsun.ttc><c:/Windows/Fonts/simsun.ttc><c:/Window
s/Fonts/simsun.ttc><c:/Windows/Fonts/simsun.ttc><c:/Windows/Fonts/simkai.ttf><c
:/Windows/Fonts/simkai.ttf><c:/Windows/Fonts/simkai.ttf><c:/Windows/Fonts/simka
i.ttf><c:/Windows/Fonts/simkai.ttf><c:/Windows/Fonts/simkai.ttf><c:/Windows/Fon
ts/simsun.ttc><c:/Windows/Fonts/simsun.ttc><c:/Windows/Fonts/simsun.ttc><c:/Win
dows/Fonts/simsun.ttc><c:/Windows/Fonts/simsun.ttc><c:/Windows/Fonts/simsun.ttc
><c:/Windows/Fonts/simsun.ttc><c:/Windows/Fonts/simsun.ttc><c:/Windows/Fonts/si
msun.ttc><c:/Windows/Fonts/simsun.ttc><c:/Windows/Fonts/simsun.ttc><c:/Windows/
Fonts/simsun.ttc><c:/Windows/Fonts/simsun.ttc><c:/Windows/Fonts/simsun.ttc><c:/
Windows/Fonts/simsun.ttc><c:/Windows/Fonts/simsun.ttc><c:/Windows/Fonts/simsun.
ttc><c:/Windows/Fonts/simsun.ttc><c:/Windows/Fonts/simsun.ttc><c:/Windows/Fonts
/simsun.ttc><c:/Windows/Fonts/simsun.ttc><c:/Windows/Fonts/simsun.ttc><d:/Progr
am Files/texlive/2025/texmf-dist/fonts/type1/public/amsfonts/cm/cmex10.pfb><d:/
Program Files/texlive/2025/texmf-dist/fonts/type1/public/amsfonts/cm/cmmi10.pfb
><d:/Program Files/texlive/2025/texmf-dist/fonts/type1/public/amsfonts/cm/cmmi6
.pfb><d:/Program Files/texlive/2025/texmf-dist/fonts/type1/public/amsfonts/cm/c
mmi8.pfb><d:/Program Files/texlive/2025/texmf-dist/fonts/type1/public/amsfonts/
cm/cmr10.pfb><d:/Program Files/texlive/2025/texmf-dist/fonts/type1/public/amsfo
nts/cm/cmr8.pfb><d:/Program Files/texlive/2025/texmf-dist/fonts/type1/public/am
sfonts/cm/cmsy10.pfb><d:/Program Files/texlive/2025/texmf-dist/fonts/type1/publ
ic/amsfonts/cm/cmsy8.pfb><d:/Program Files/texlive/2025/texmf-dist/fonts/type1/
public/amsfonts/symbols/msbm10.pfb><d:/Program Files/texlive/2025/texmf-dist/fo
nts/type1/urw/courier/ucrr8a.pfb><d:/Program Files/texlive/2025/texmf-dist/font
s/type1/urw/times/utmb8a.pfb><d:/Program Files/texlive/2025/texmf-dist/fonts/ty
pe1/urw/times/utmr8a.pfb><d:/Program Files/texlive/2025/texmf-dist/fonts/type1/
urw/times/utmri8a.pfb>
Output written on CVClassSample.pdf (13 pages, 38303732 bytes).
PDF statistics:
 998 PDF objects out of 1000 (max. 8388607)
 706 compressed objects within 8 object streams
 71 named destinations out of 1000 (max. 500000)
 536 words of extra memory for PDF output out of 10000 (max. 10000000)

