\BOOKMARK [1][-]{section.1}{\376\377\000Â\80º\000ï\80Ë\000®\80Ä}{}% 1
\BOOKMARK [2][-]{subsection.1.1}{\376\377\000Á\80†\000î\80Á\000©\80∂\000Ë\80É\000å\80Ê\000ô\80Ø\000‰\80∏\000é\80Ê\000å\80ë\000Ê\80à\00\par }{section.1}% 2
\BOOKMARK [2][-]{subsection.1.2}{\376\377\000Ê\80ú\000¨\80Ê\000ñ\80á\000Ë\80¥\000°\80Á\000å\80Æ}{section.1}% 3
\BOOKMARK [1][-]{section.2}{\376\377\000Á\80õ\000∏\80Â\000Ö\80≥\000Â\80∑\000•\80‰\000Ω\80ú}{}% 4
\BOOKMARK [2][-]{subsection.2.1}{\376\377\0006\000D\000Á\80â\000©\80‰\000Ω\80ì\000Â\80ß\000ø\80Ê\000Ä\80Å\000‰\80º\000∞\80Ë\000Æ\80°}{section.2}% 5
\BOOKMARK [2][-]{subsection.2.2}{\376\377\000Â\80ü\000∫\80‰\000∫\80é\000‰\80∫\000ã\80‰\000ª\80∂\000Ë\80ß\000Ü\80Ë\000ß\80â\000Á\80ö\000Ñ\80Â\000∫\80î\000Á\80î\00\par }{section.2}% 6
\BOOKMARK [1][-]{section.3}{\376\377\000Ê\80ñ\000π\80Ê\000≥\80ï}{}% 7
\BOOKMARK [2][-]{subsection.3.1}{\376\377\000Â\80§\000ö\80Ê\000®\80°\000Ê\80Ä\000Å\80Ê\000ï\80∞\000Ê\80ç\000Æ\80Ê\000µ\80Å}{section.3}% 8
\BOOKMARK [3][-]{subsubsection.3.1.1}{\376\377\000R\000G\000B\000\040\000S\000t\000r\000e\000a\000m}{subsection.3.1}% 9
\BOOKMARK [3][-]{subsubsection.3.1.2}{\376\377\000M\000T\000S\000\040\000S\000t\000r\000e\000a\000m\000\040\000\050\000M\000o\000t\000i\000o\000n\000-\000T\000e\000x\000t\000u\000r\000e\000\040\000S\000u\000r\000f\000a\000c\000e\000\051}{subsection.3.1}% 10
\BOOKMARK [3][-]{subsubsection.3.1.3}{\376\377\000‰\80∫\000ã\80‰\000ª\80∂\000Á\80Ç\000π\80‰\000∫\80ë\000Ê\80è\000ê\80Â\000è\80ñ}{subsection.3.1}% 11
\BOOKMARK [2][-]{subsection.3.2}{\376\377\000Â\80π\000∂\80Ë\000°\80å\000Á\80â\000π\80Â\000æ\80Å\000Ê\80è\000ê\80Â\000è\80ñ\000Á\80Ω\000ë\80Á\000ª\80ú}{section.3}% 12
\BOOKMARK [3][-]{subsubsection.3.2.1}{\376\377\000R\000G\000B\000\040\000Á\80∫\000π\80Á\000ê\80Ü\000Â\80à\000Ü\80Ê\000î\80Ø\000\040\000\050\000R\000G\000B\000\040\000T\000e\000x\000t\000u\000r\000e\000\040\000B\000r\000a\000n\000c\000h\000\051}{subsection.3.2}% 13
\BOOKMARK [3][-]{subsubsection.3.2.2}{\376\377\000Â\80á\000†\80‰\000Ω\80ï\000‰\80∏\000é\80Ë\000ø\80ê\000Â\80ä\000®\80Â\000à\80Ü\000Ê\80î\000Ø\80\\0000\0005\0000\000G\000e\000o\000m\000e\000t\000r\000y\000\040\000S\000t\000r\000e\000a\000m\000\051}{subsection.3.2}% 14
\BOOKMARK [3][-]{subsubsection.3.2.3}{\376\377\000‰\80∫\000ã\80‰\000ª\80∂\000Á\80Ç\000π\80‰\000∫\80ë\000Â\80à\000Ü\80Ê\000î\80Ø\000\040\000\050\000E\000v\000e\000n\000t\000\040\000P\000o\000i\000n\000t\000\040\000C\000l\000o\000u\000d\000\040\000B\000r\000a\000n\000c\000h\000\051}{subsection.3.2}% 15
\BOOKMARK [2][-]{subsection.3.3}{\376\377\000Â\80§\000ö\80Ê\000®\80°\000Ê\80Ä\000Å\80Â\000º\80ï\000Â\80Ø\000º\80‰\000∏\80é\000Ë\80û\000ç\80Â\000ê\80à}{section.3}% 16
\BOOKMARK [3][-]{subsubsection.3.3.1}{\376\377\000Ê\80≥\000®\80Ê\000Ñ\80è\000Â\80ä\000õ\80Á\000â\80π\000Â\80æ\000Å\80Ê\000â\80©\000Ê\80ï\000£\80Ê\000®\80°\000Â\80ù\000ó\80\\0000\0004\0000\000\050\000A\000t\000t\000e\000n\000t\000i\000v\000e\000\040\000F\000e\000a\000t\000u\000r\000e\000\040\000D\000i\000f\000f\000u\000s\000i\000o\000n\000\040\000M\000o\000d\000u\000l\000e\000,\000\040\000A\000F\000D\000M\000\051}{subsection.3.3}% 17
\BOOKMARK [3][-]{subsubsection.3.3.2}{\376\377\000È\80ó\000®\80Ê\000é\80ß\000Á\80â\000π\80Â\000æ\80Å\000Ë\80û\000ç\80Â\000ê\80à\000\040\000\050\000G\000a\000t\000e\000d\000\040\000F\000u\000s\000i\000o\000n\000\040\000M\000e\000c\000h\000a\000n\000i\000s\000m\000\051}{subsection.3.3}% 18
\BOOKMARK [2][-]{subsection.3.4}{\376\377\000Â\80É\000è\80Á\000¥\80†\000Á\80∫\000ß\80Ê\000ä\80ï\000Á\80•\000®\80‰\000∏\80é\000‰\80Ω\000ç\80Â\000ß\80ø\000‰\80º\000∞\80Ë\000Æ\80°\000\040\000\050\000P\000i\000x\000e\000l\000-\000w\000i\000s\000e\000\040\000V\000o\000t\000i\000n\000g\000\040\000\046\000\040\000P\000o\000s\000e\000\040\000E\000s\000t\000i\000m\000a\000t\000i\000o\000n\000\051}{section.3}% 19
\BOOKMARK [3][-]{subsubsection.3.4.1}{\376\377\000Â\80§\000ö\80Â\000§\80¥\000È\80¢\000Ñ\80Ê\000µ\80ã\000Ë\80æ\000ì\80Â\000á\80∫\000\040\000\050\000M\000u\000l\000t\000i\000-\000h\000e\000a\000d\000\040\000O\000u\000t\000p\000u\000t\000\051}{subsection.3.4}% 20
\BOOKMARK [3][-]{subsubsection.3.4.2}{\376\377\000È\80≤\000Å\80Ê\000£\80í\000‰\80Ω\000ç\80Â\000ß\80ø\000Ë\80ß\000£\80Á\000Æ\80ó\000‰\80∏\000é\80Â\000á\80†\000‰\80Ω\000ï\80‰\000ø\80Æ\000Ê\80≠\00\par }{subsection.3.4}% 21
\BOOKMARK [1][-]{section.4}{\376\377\000Â\80Æ\000û\80È\000™\80å}{}% 22
\BOOKMARK [2][-]{subsection.4.1}{\376\377\000Â\80Æ\000û\80È\000™\80å\000Ë\80Æ\000æ\80Á\000Ω\80Æ}{section.4}% 23
\BOOKMARK [2][-]{subsection.4.2}{\376\377\000Ê\80†\000∏\80Â\000ø\80É\000Ë\80É\000Ω\80Â\000ä\80õ\000È\80™\000å\80Ë\000Ø\80Å\000Ô\80º\000ö\80Â\000ç\80ï\000Á\80â\000©\80‰\000Ω\80ì\000È\80´\000ò\80Á\000≤\80æ\000Â\80∫\000¶\80Â\000Æ\80û\000È\80™\00\par }{section.4}% 24
\BOOKMARK [3][-]{subsubsection.4.2.1}{\376\377\000Ë\80Æ\000≠\80Á\000ª\80É\000Ê\80º\000î\80Ë\000ø\80õ\000Ë\80ø\000á\80Á\000®\80ã\000Ë\80Ø\000Ñ\80‰\000º\80∞\000\040\000\050\000E\000v\000a\000l\000u\000a\000t\000i\000o\000n\000\040\000o\000f\000\040\000T\000r\000a\000i\000n\000i\000n\000g\000\040\000E\000v\000o\000l\000u\000t\000i\000o\000n\000\051}{subsection.4.2}% 25
\BOOKMARK [3][-]{subsubsection.4.2.2}{\376\377\000Â\80ç\000ï\80Á\000â\80©\000‰\80Ω\000ì\80Â\000Æ\80û\000È\80™\000å\80Á\000ª\80ì\000Ê\80û\000ú\80Â\000±\80ï\000Á\80§\00\par }{subsection.4.2}% 26
\BOOKMARK [2][-]{subsection.4.3}{\376\377\000Â\80§\000ç\80Ê\000ù\80Ç\000Â\80ú\000∫\80Ê\000ô\80Ø\000Â\80à\000Ü\80Ê\000û\80ê\000Ô\80º\000ö\80Â\000§\80ö\000Á\80â\000©\80‰\000Ω\80ì\000Â\80Æ\000û\80È\000™\80å}{section.4}% 27
\BOOKMARK [2][-]{subsection.4.4}{\376\377\000Ê\80∂\000à\80Ë\000û\80ç\000Â\80Æ\000û\80È\000™\80å\000‰\80∏\000é\80Ê\000Ä\80ß\000Ë\80É\000Ω\80Â\000à\80Ü\000Ê\80û\00\par }{section.4}% 28
\BOOKMARK [2][-]{subsection.4.5}{\376\377\000Â\80Æ\000ö\80Ê\000Ä\80ß\000Á\80ª\000ì\80Ê\000û\80ú\000Â\80±\000ï\80Á\000§\80∫}{section.4}% 29
\BOOKMARK [1][-]{section.5}{\376\377\000Ê\80Ä\000ª\80Á\000ª\80ì\000‰\80∏\000é\80Ê\000ú\80™\000Ê\80ù\000•\80Â\000±\80ï\000Ê\80ú\00\par }{}% 30
